<?xml version="1.0" encoding="UTF-8"?>
<!-- Generated by org.testng.reporters.JUnitXMLReporter -->
<testsuite ignored="7" hostname="LTILPUN22001550" failures="2" tests="5" name="Test1" time="43.147" errors="0" timestamp="2022-09-23T11:48:54 IST">
  <testcase classname="TestCases_UI.Demo_Class" name="@AfterMethod exit" time="0.029">
    <failure type="org.openqa.selenium.NoSuchSessionException" message="Session ID is null. Using WebDriver after calling quit()?
Build info: version: &amp;apos;4.0.0&amp;apos;, revision: &amp;apos;3a21814679&amp;apos;
System info: host: &amp;apos;LTILPUN22001550&amp;apos;, ip: &amp;apos;192.168.45.107&amp;apos;, os.name: &amp;apos;Windows 10&amp;apos;, os.arch: &amp;apos;amd64&amp;apos;, os.version: &amp;apos;10.0&amp;apos;, java.version: &amp;apos;17.0.1&amp;apos;
Driver info: org.openqa.selenium.chrome.ChromeDriver
Command: [null, screenshot {}]
Capabilities {acceptInsecureCerts: false, browserName: chrome, browserVersion: 105.0.5195.127, chrome: {chromedriverVersion: 105.0.5195.52 (412c95e51883..., userDataDir: C:\Users\10711204\AppData\L...}, goog:chromeOptions: {debuggerAddress: localhost:53314}, javascriptEnabled: true, networkConnectionEnabled: false, pageLoadStrategy: normal, platform: WINDOWS, platformName: WINDOWS, proxy: Proxy(), se:cdp: ws://localhost:53314/devtoo..., se:cdpVersion: 105.0.5195.127, setWindowRect: true, strictFileInteractability: false, timeouts: {implicit: 0, pageLoad: 300000, script: 30000}, unhandledPromptBehavior: dismiss and notify, webauthn:extension:credBlob: true, webauthn:extension:largeBlob: true, webauthn:virtualAuthenticators: true}">
      <![CDATA[org.openqa.selenium.NoSuchSessionException: Session ID is null. Using WebDriver after calling quit()?
Build info: version: '4.0.0', revision: '3a21814679'
System info: host: 'LTILPUN22001550', ip: '192.168.45.107', os.name: 'Windows 10', os.arch: 'amd64', os.version: '10.0', java.version: '17.0.1'
Driver info: org.openqa.selenium.chrome.ChromeDriver
Command: [null, screenshot {}]
Capabilities {acceptInsecureCerts: false, browserName: chrome, browserVersion: 105.0.5195.127, chrome: {chromedriverVersion: 105.0.5195.52 (412c95e51883..., userDataDir: C:\Users\10711204\AppData\L...}, goog:chromeOptions: {debuggerAddress: localhost:53314}, javascriptEnabled: true, networkConnectionEnabled: false, pageLoadStrategy: normal, platform: WINDOWS, platformName: WINDOWS, proxy: Proxy(), se:cdp: ws://localhost:53314/devtoo..., se:cdpVersion: 105.0.5195.127, setWindowRect: true, strictFileInteractability: false, timeouts: {implicit: 0, pageLoad: 300000, script: 30000}, unhandledPromptBehavior: dismiss and notify, webauthn:extension:credBlob: true, webauthn:extension:largeBlob: true, webauthn:virtualAuthenticators: true}
at org.openqa.selenium.remote.HttpCommandExecutor.execute(HttpCommandExecutor.java:145)
at org.openqa.selenium.remote.service.DriverCommandExecutor.invokeExecute(DriverCommandExecutor.java:164)
at org.openqa.selenium.remote.service.DriverCommandExecutor.execute(DriverCommandExecutor.java:139)
at org.openqa.selenium.remote.RemoteWebDriver.execute(RemoteWebDriver.java:559)
at org.openqa.selenium.remote.RemoteWebDriver.execute(RemoteWebDriver.java:614)
at org.openqa.selenium.remote.RemoteWebDriver.execute(RemoteWebDriver.java:618)
at org.openqa.selenium.remote.RemoteWebDriver.getScreenshotAs(RemoteWebDriver.java:349)
at Utility.Screenshot.getScreenshot(Screenshot.java:26)
at Base.TestBase.getResult(TestBase.java:61)
at TestCases_UI.Demo_Class.exit(Demo_Class.java:31)
at java.base/java.util.ArrayList.forEach(ArrayList.java:1511)
... Removed 32 stack frames]]>
    </failure>
  </testcase> <!-- @AfterMethod exit -->
  <testcase classname="Base.TestBase" name="@AfterMethod getResult" time="-1.663913922032E9">
    <skipped/>
  </testcase> <!-- @AfterMethod getResult -->
  <testcase classname="TestCases_UI.HBI_LoginPageTest" name="@AfterMethod exit" time="0.618">
    <failure type="java.lang.ClassCastException" message="class com.aventstack.extentreports.ExtentTest cannot be cast to class com.aventstack.extentreports.markuputils.Markup (com.aventstack.extentreports.ExtentTest and com.aventstack.extentreports.markuputils.Markup are in unnamed module of loader &amp;apos;app&amp;apos;)">
      <![CDATA[java.lang.ClassCastException: class com.aventstack.extentreports.ExtentTest cannot be cast to class com.aventstack.extentreports.markuputils.Markup (com.aventstack.extentreports.ExtentTest and com.aventstack.extentreports.markuputils.Markup are in unnamed module of loader 'app')
at Base.TestBase.getResult(TestBase.java:62)
at TestCases_UI.HBI_LoginPageTest.exit(HBI_LoginPageTest.java:93)
at java.base/java.util.ArrayList.forEach(ArrayList.java:1511)
... Removed 32 stack frames]]>
    </failure>
  </testcase> <!-- @AfterMethod exit -->
  <testcase classname="Base.TestBase" name="@AfterMethod getResult" time="-1.663913933936E9">
    <skipped/>
  </testcase> <!-- @AfterMethod getResult -->
  <testcase classname="TestCases_UI.HBI_LoginPageTest" name="@BeforeMethod setup" time="-1.663913933941E9">
    <skipped/>
  </testcase> <!-- @BeforeMethod setup -->
  <testcase classname="TestCases_UI.HBI_LoginPageTest" name="@AfterMethod exit" time="-1.663913933955E9">
    <skipped/>
  </testcase> <!-- @AfterMethod exit -->
  <testcase classname="Base.TestBase" name="@AfterMethod getResult" time="-1.663913933956E9">
    <skipped/>
  </testcase> <!-- @AfterMethod getResult -->
  <testcase classname="TestCases_UI.HBI_HomePageTest" name="verifyProfile" time="2.989"/>
  <testcase classname="TestCases_UI.Demo_Class" name="functionality1Test1" time="0.002"/>
  <testcase classname="TestCases_UI.Demo_Class" name="functionality1Test2" time="0.004">
    <failure type="java.lang.AssertionError" message="expected [Sakinala] but found [Krishna]">
      <![CDATA[java.lang.AssertionError: expected [Sakinala] but found [Krishna]
at TestCases_UI.Demo_Class.functionality1Test2(Demo_Class.java:25)
at java.base/java.util.ArrayList.forEach(ArrayList.java:1511)
... Removed 33 stack frames]]>
    </failure>
  </testcase> <!-- functionality1Test2 -->
  <testcase classname="TestCases_UI.HBI_LoginPageTest" name="verifyAzadiLogo" time="7.526">
    <failure type="java.lang.AssertionError" message="expected [false] but found [true]">
      <![CDATA[java.lang.AssertionError: expected [false] but found [true]
at TestCases_UI.HBI_LoginPageTest.verifyAzadiLogo(HBI_LoginPageTest.java:61)
at java.base/java.util.ArrayList.forEach(ArrayList.java:1511)
... Removed 33 stack frames]]>
    </failure>
  </testcase> <!-- verifyAzadiLogo -->
  <testcase classname="TestCases_UI.HBI_LoginPageTest" name="verifyMOHFWLogo" time="0.0">
    <skipped/>
  </testcase> <!-- verifyMOHFWLogo -->
  <testcase classname="TestCases_UI.HBI_LoginPageTest" name="verifymohfwLink" time="0.0">
    <ignored/>
  </testcase> <!-- verifymohfwLink -->
  <testcase classname="TestCases_UI.HBI_LoginPageTest" name="verifyloginToHBIforNodalOfficer" time="0.0">
    <ignored/>
  </testcase> <!-- verifyloginToHBIforNodalOfficer -->
  <testcase classname="Base.TestBase" name="@BeforeSuite setUp" time="0.0">
    <ignored/>
  </testcase> <!-- @BeforeSuite setUp -->
  <testcase classname="Base.TestBase" name="@BeforeSuite setUp" time="0.0">
    <ignored/>
  </testcase> <!-- @BeforeSuite setUp -->
  <testcase classname="Base.TestBase" name="@AfterSuite tearDown" time="0.0">
    <ignored/>
  </testcase> <!-- @AfterSuite tearDown -->
  <testcase classname="Base.TestBase" name="@AfterSuite tearDown" time="0.0">
    <ignored/>
  </testcase> <!-- @AfterSuite tearDown -->
  <testcase classname="TestCases_UI.HBI_LoginPageTest" name="verifyLoginToHBIforHP" time="0.0">
    <ignored/>
  </testcase> <!-- verifyLoginToHBIforHP -->
</testsuite> <!-- Test1 -->
