<?xml version="1.0" encoding="UTF-8"?>
<!-- Generated by org.testng.reporters.JUnitXMLReporter -->
<testsuite ignored="5" hostname="LTILPUN22001550" failures="1" tests="3" name="Test1" time="55.835" errors="0" timestamp="2022-09-23T11:35:25 IST">
  <testcase classname="TestCases_UI.HBI_LoginPageTest" name="@AfterMethod exit" time="2.24">
    <failure type="java.lang.ClassCastException" message="class com.aventstack.extentreports.ExtentTest cannot be cast to class com.aventstack.extentreports.markuputils.Markup (com.aventstack.extentreports.ExtentTest and com.aventstack.extentreports.markuputils.Markup are in unnamed module of loader &amp;apos;app&amp;apos;)">
      <![CDATA[java.lang.ClassCastException: class com.aventstack.extentreports.ExtentTest cannot be cast to class com.aventstack.extentreports.markuputils.Markup (com.aventstack.extentreports.ExtentTest and com.aventstack.extentreports.markuputils.Markup are in unnamed module of loader 'app')
at Base.TestBase.getResult(TestBase.java:62)
at TestCases_UI.HBI_LoginPageTest.exit(HBI_LoginPageTest.java:93)
at java.base/java.util.ArrayList.forEach(ArrayList.java:1511)
... Removed 32 stack frames]]>
    </failure>
  </testcase> <!-- @AfterMethod exit -->
  <testcase classname="Base.TestBase" name="@AfterMethod getResult" time="-1.663913125486E9">
    <skipped/>
  </testcase> <!-- @AfterMethod getResult -->
  <testcase classname="TestCases_UI.HBI_HomePageTest" name="verifyProfile" time="6.503"/>
  <testcase classname="TestCases_UI.HBI_LoginPageTest" name="verifyAzadiLogo" time="6.818"/>
  <testcase classname="TestCases_UI.HBI_LoginPageTest" name="verifyMOHFWLogo" time="5.349">
    <failure type="java.lang.AssertionError" message="expected [false] but found [true]">
      <![CDATA[java.lang.AssertionError: expected [false] but found [true]
at TestCases_UI.HBI_LoginPageTest.verifyMOHFWLogo(HBI_LoginPageTest.java:49)
at java.base/java.util.ArrayList.forEach(ArrayList.java:1511)
... Removed 33 stack frames]]>
    </failure>
  </testcase> <!-- verifyMOHFWLogo -->
  <testcase classname="TestCases_UI.HBI_LoginPageTest" name="verifymohfwLink" time="0.0">
    <ignored/>
  </testcase> <!-- verifymohfwLink -->
  <testcase classname="TestCases_UI.HBI_LoginPageTest" name="verifyloginToHBIforNodalOfficer" time="0.0">
    <ignored/>
  </testcase> <!-- verifyloginToHBIforNodalOfficer -->
  <testcase classname="Base.TestBase" name="@BeforeSuite setUp" time="0.0">
    <ignored/>
  </testcase> <!-- @BeforeSuite setUp -->
  <testcase classname="Base.TestBase" name="@AfterSuite tearDown" time="0.0">
    <ignored/>
  </testcase> <!-- @AfterSuite tearDown -->
  <testcase classname="TestCases_UI.HBI_LoginPageTest" name="verifyLoginToHBIforHP" time="0.0">
    <ignored/>
  </testcase> <!-- verifyLoginToHBIforHP -->
</testsuite> <!-- Test1 -->
