<!DOCTYPE html PUBLIC "-//W3C//DTD XHTML 1.1//EN" "https://www.w3.org/TR/xhtml11/DTD/xhtml11.dtd">
<html xmlns="https://www.w3.org/1999/xhtml">
<head>
<meta http-equiv="content-type" content="text/html; charset=UTF-8"/>
<title>TestNG Report</title>
<style type="text/css">table {margin-bottom:10px;border-collapse:collapse;empty-cells:show}th,td {border:1px solid #009;padding:.25em .5em}th {vertical-align:bottom}td {vertical-align:top}table a {font-weight:bold}.stripe td {background-color: #E6EBF9}.num {text-align:right}.passedodd td {background-color: #3F3}.passedeven td {background-color: #0A0}.skippedodd td {background-color: #DDD}.skippedeven td {background-color: #CCC}.failedodd td,.attn {background-color: #F33}.failedeven td,.stripe .attn {background-color: #D00}.stacktrace {white-space:pre;font-family:monospace}.totop {font-size:85%;text-align:center;border-bottom:2px solid #000}.invisible {display:none}</style>
</head>
<body>
<table>
<tr><th>Test</th><th># Passed</th><th># Skipped</th><th># Retried</th><th># Failed</th><th>Time (ms)</th><th>Included Groups</th><th>Excluded Groups</th></tr>
<tr><th colspan="8">Suite1</th></tr>
<tr><td><a href="#t0">Test1</a></td><td class="num">2</td><td class="num attn">1</td><td class="num">0</td><td class="num attn">2</td><td class="num">43,147</td><td></td><td></td></tr>
</table>
<table id='summary'><thead><tr><th>Class</th><th>Method</th><th>Start</th><th>Time (ms)</th></tr></thead><tbody><tr><th colspan="4">Suite1</th></tr></tbody><tbody id="t0"><tr><th colspan="4">Test1 &#8212; failed (configuration methods)</th></tr><tr class="failedeven"><td rowspan="1">TestCases_UI.Demo_Class</td><td><a href="#m0">exit</a></td><td rowspan="1">1663913921997</td><td rowspan="1">29</td></tr><tr class="failedodd"><td rowspan="1">TestCases_UI.HBI_LoginPageTest</td><td><a href="#m1">exit</a></td><td rowspan="1">1663913933314</td><td rowspan="1">618</td></tr><tr><th colspan="4">Test1 &#8212; failed</th></tr><tr class="failedeven"><td rowspan="1">TestCases_UI.Demo_Class</td><td><a href="#m2">functionality1Test2</a></td><td rowspan="1">1663913921988</td><td rowspan="1">4</td></tr><tr class="failedodd"><td rowspan="1">TestCases_UI.HBI_LoginPageTest</td><td><a href="#m3">verifyAzadiLogo</a></td><td rowspan="1">1663913925784</td><td rowspan="1">7526</td></tr><tr><th colspan="4">Test1 &#8212; skipped (configuration methods)</th></tr><tr class="skippedeven"><td rowspan="1">TestCases_UI.Demo_Class</td><td><a href="#m4">getResult</a></td><td rowspan="1">1663913922032</td><td rowspan="1">-1663913922032</td></tr><tr class="skippedodd"><td rowspan="4">TestCases_UI.HBI_LoginPageTest</td><td><a href="#m5">exit</a></td><td rowspan="1">1663913933955</td><td rowspan="1">-1663913933955</td></tr><tr class="skippedodd"><td><a href="#m6">getResult</a></td><td rowspan="2">1663913933956</td><td rowspan="2">-1663913933956</td></tr><tr class="skippedodd"><td><a href="#m7">getResult</a></td></tr><tr class="skippedodd"><td><a href="#m8">setup</a></td><td rowspan="1">1663913933941</td><td rowspan="1">-1663913933941</td></tr><tr><th colspan="4">Test1 &#8212; skipped</th></tr><tr class="skippedeven"><td rowspan="1">TestCases_UI.HBI_LoginPageTest</td><td><a href="#m9">verifyMOHFWLogo</a></td><td rowspan="1">1663913933946</td><td rowspan="1">0</td></tr><tr><th colspan="4">Test1 &#8212; passed</th></tr><tr class="passedeven"><td rowspan="1">TestCases_UI.Demo_Class</td><td><a href="#m10">functionality1Test1</a></td><td rowspan="1">1663913921977</td><td rowspan="1">2</td></tr><tr class="passedodd"><td rowspan="1">TestCases_UI.HBI_HomePageTest</td><td><a href="#m11">verifyProfile</a></td><td rowspan="1">1663913918498</td><td rowspan="1">2989</td></tr></tbody>
</table>
<h2>Test1</h2><h3 id="m0">TestCases_UI.Demo_Class#exit</h3><table class="result"><tr class="param"><th>Parameter #1</th></tr><tr class="param stripe"><td>[TestResult name=functionality1Test2 status=FAILURE method=Demo_Class.functionality1Test2()[pri:0, instance:TestCases_UI.Demo_Class@557caf28] output={null}]</td></tr><tr><th>Exception</th></tr><tr><td><div class="stacktrace">org.openqa.selenium.NoSuchSessionException: Session ID is null. Using WebDriver after calling quit()?
Build info: version: &apos;4.0.0&apos;, revision: &apos;3a21814679&apos;
System info: host: &apos;LTILPUN22001550&apos;, ip: &apos;192.168.45.107&apos;, os.name: &apos;Windows 10&apos;, os.arch: &apos;amd64&apos;, os.version: &apos;10.0&apos;, java.version: &apos;17.0.1&apos;
Driver info: org.openqa.selenium.chrome.ChromeDriver
Command: [null, screenshot {}]
Capabilities {acceptInsecureCerts: false, browserName: chrome, browserVersion: 105.0.5195.127, chrome: {chromedriverVersion: 105.0.5195.52 (412c95e51883..., userDataDir: C:\Users\10711204\AppData\L...}, goog:chromeOptions: {debuggerAddress: localhost:53314}, javascriptEnabled: true, networkConnectionEnabled: false, pageLoadStrategy: normal, platform: WINDOWS, platformName: WINDOWS, proxy: Proxy(), se:cdp: ws://localhost:53314/devtoo..., se:cdpVersion: 105.0.5195.127, setWindowRect: true, strictFileInteractability: false, timeouts: {implicit: 0, pageLoad: 300000, script: 30000}, unhandledPromptBehavior: dismiss and notify, webauthn:extension:credBlob: true, webauthn:extension:largeBlob: true, webauthn:virtualAuthenticators: true}
	at org.openqa.selenium.remote.HttpCommandExecutor.execute(HttpCommandExecutor.java:145)
	at org.openqa.selenium.remote.service.DriverCommandExecutor.invokeExecute(DriverCommandExecutor.java:164)
	at org.openqa.selenium.remote.service.DriverCommandExecutor.execute(DriverCommandExecutor.java:139)
	at org.openqa.selenium.remote.RemoteWebDriver.execute(RemoteWebDriver.java:559)
	at org.openqa.selenium.remote.RemoteWebDriver.execute(RemoteWebDriver.java:614)
	at org.openqa.selenium.remote.RemoteWebDriver.execute(RemoteWebDriver.java:618)
	at org.openqa.selenium.remote.RemoteWebDriver.getScreenshotAs(RemoteWebDriver.java:349)
	at Utility.Screenshot.getScreenshot(Screenshot.java:26)
	at Base.TestBase.getResult(TestBase.java:61)
	at TestCases_UI.Demo_Class.exit(Demo_Class.java:31)
	at java.base/java.util.ArrayList.forEach(ArrayList.java:1511)
... Removed 32 stack frames</div></td></tr></table><p class="totop"><a href="#summary">back to summary</a></p>
<h3 id="m1">TestCases_UI.HBI_LoginPageTest#exit</h3><table class="result"><tr class="param"><th>Parameter #1</th></tr><tr class="param stripe"><td>[TestResult name=verifyAzadiLogo status=FAILURE method=HBI_LoginPageTest.verifyAzadiLogo()[pri:1, instance:TestCases_UI.HBI_LoginPageTest@3c46e67a] output={null}]</td></tr><tr><th>Exception</th></tr><tr><td><div class="stacktrace">java.lang.ClassCastException: class com.aventstack.extentreports.ExtentTest cannot be cast to class com.aventstack.extentreports.markuputils.Markup (com.aventstack.extentreports.ExtentTest and com.aventstack.extentreports.markuputils.Markup are in unnamed module of loader &apos;app&apos;)
	at Base.TestBase.getResult(TestBase.java:62)
	at TestCases_UI.HBI_LoginPageTest.exit(HBI_LoginPageTest.java:93)
	at java.base/java.util.ArrayList.forEach(ArrayList.java:1511)
... Removed 32 stack frames</div></td></tr></table><p class="totop"><a href="#summary">back to summary</a></p>
<h3 id="m2">TestCases_UI.Demo_Class#functionality1Test2</h3><table class="result"><tr><th>Exception</th></tr><tr><td><div class="stacktrace">java.lang.AssertionError: expected [Sakinala] but found [Krishna]
	at TestCases_UI.Demo_Class.functionality1Test2(Demo_Class.java:25)
	at java.base/java.util.ArrayList.forEach(ArrayList.java:1511)
... Removed 33 stack frames</div></td></tr></table><p class="totop"><a href="#summary">back to summary</a></p>
<h3 id="m3">TestCases_UI.HBI_LoginPageTest#verifyAzadiLogo</h3><table class="result"><tr><th>Exception</th></tr><tr><td><div class="stacktrace">java.lang.AssertionError: expected [false] but found [true]
	at TestCases_UI.HBI_LoginPageTest.verifyAzadiLogo(HBI_LoginPageTest.java:61)
	at java.base/java.util.ArrayList.forEach(ArrayList.java:1511)
... Removed 33 stack frames</div></td></tr></table><p class="totop"><a href="#summary">back to summary</a></p>
<h3 id="m4">TestCases_UI.Demo_Class#getResult</h3><table class="result"><tr><th class="invisible"/></tr></table><p class="totop"><a href="#summary">back to summary</a></p>
<h3 id="m5">TestCases_UI.HBI_LoginPageTest#exit</h3><table class="result"><tr><th class="invisible"/></tr></table><p class="totop"><a href="#summary">back to summary</a></p>
<h3 id="m6">TestCases_UI.HBI_LoginPageTest#getResult</h3><table class="result"><tr><th class="invisible"/></tr></table><p class="totop"><a href="#summary">back to summary</a></p>
<h3 id="m7">TestCases_UI.HBI_LoginPageTest#getResult</h3><table class="result"><tr><th class="invisible"/></tr></table><p class="totop"><a href="#summary">back to summary</a></p>
<h3 id="m8">TestCases_UI.HBI_LoginPageTest#setup</h3><table class="result"><tr><th class="invisible"/></tr></table><p class="totop"><a href="#summary">back to summary</a></p>
<h3 id="m9">TestCases_UI.HBI_LoginPageTest#verifyMOHFWLogo</h3><table class="result"><tr><th>Exception</th></tr><tr><td><div class="stacktrace">java.lang.ClassCastException: class com.aventstack.extentreports.ExtentTest cannot be cast to class com.aventstack.extentreports.markuputils.Markup (com.aventstack.extentreports.ExtentTest and com.aventstack.extentreports.markuputils.Markup are in unnamed module of loader &apos;app&apos;)
	at Base.TestBase.getResult(TestBase.java:62)
	at TestCases_UI.HBI_LoginPageTest.exit(HBI_LoginPageTest.java:93)
	at java.base/java.util.ArrayList.forEach(ArrayList.java:1511)
... Removed 32 stack frames</div></td></tr></table><p class="totop"><a href="#summary">back to summary</a></p>
<h3 id="m10">TestCases_UI.Demo_Class#functionality1Test1</h3><table class="result"><tr><th class="invisible"/></tr></table><p class="totop"><a href="#summary">back to summary</a></p>
<h3 id="m11">TestCases_UI.HBI_HomePageTest#verifyProfile</h3><table class="result"><tr><th class="invisible"/></tr></table><p class="totop"><a href="#summary">back to summary</a></p>
</body>
</html>
